<?xml version="1.0" encoding="UTF-8"?>
<!-- Generated by org.testng.reporters.JUnitReportReporter -->
<testsuite hostname="DESKTOP-C43JMML" failures="0" tests="1" name="driverFactory.AppTest" time="33.278" errors="0" timestamp="2024-07-29T12:22:46 IST" skipped="0">
  <testcase classname="driverFactory.AppTest" name="kickStart" time="33.278"/>
  <system-out/>
</testsuite> <!-- driverFactory.AppTest -->
